<?xml version="1.0" encoding="UTF-8"?>
<testng-results ignored="0" total="2" passed="2" failed="0" skipped="0">
  <reporter-output>
  </reporter-output>
  <suite started-at="2019-10-07T12:29:33 EDT" name="Default suite" finished-at="2019-10-07T12:29:34 EDT" duration-ms="66">
    <groups>
    </groups>
    <test started-at="2019-10-07T12:29:33 EDT" name="Default test" finished-at="2019-10-07T12:29:34 EDT" duration-ms="66">
      <class name="qaclickacademy.RESTAPITest">
        <test-method signature="deleteTwitter()[pri:0, instance:qaclickacademy.RESTAPITest@3b07a0d6]" started-at="2019-10-07T12:29:34 EDT" name="deleteTwitter" finished-at="2019-10-07T12:29:34 EDT" duration-ms="14" status="PASS">
          <reporter-output>
          </reporter-output>
        </test-method> <!-- deleteTwitter -->
        <test-method signature="postJira()[pri:0, instance:qaclickacademy.RESTAPITest@3b07a0d6]" started-at="2019-10-07T12:29:34 EDT" name="postJira" finished-at="2019-10-07T12:29:34 EDT" duration-ms="2" status="PASS">
          <reporter-output>
          </reporter-output>
        </test-method> <!-- postJira -->
      </class> <!-- qaclickacademy.RESTAPITest -->
    </test> <!-- Default test -->
  </suite> <!-- Default suite -->
</testng-results>
