<?xml version="1.0" encoding="UTF-8"?>
<testng-results ignored="0" total="3" passed="3" failed="0" skipped="0">
  <reporter-output>
  </reporter-output>
  <suite started-at="2019-10-07T17:38:18 EDT" name="Default suite" finished-at="2019-10-07T17:38:18 EDT" duration-ms="86">
    <groups>
    </groups>
    <test started-at="2019-10-07T17:38:18 EDT" name="Default test" finished-at="2019-10-07T17:38:18 EDT" duration-ms="86">
      <class name="qaclickacademy.RESTAPITest">
        <test-method signature="deleteTwitter()[pri:0, instance:qaclickacademy.RESTAPITest@11a9e7c8]" started-at="2019-10-07T17:38:18 EDT" name="deleteTwitter" finished-at="2019-10-07T17:38:18 EDT" duration-ms="17" status="PASS">
          <reporter-output>
          </reporter-output>
        </test-method> <!-- deleteTwitter -->
        <test-method signature="deleteTwitter1()[pri:0, instance:qaclickacademy.RESTAPITest@11a9e7c8]" started-at="2019-10-07T17:38:18 EDT" name="deleteTwitter1" finished-at="2019-10-07T17:38:18 EDT" duration-ms="1" status="PASS">
          <reporter-output>
          </reporter-output>
        </test-method> <!-- deleteTwitter1 -->
        <test-method signature="postJira()[pri:0, instance:qaclickacademy.RESTAPITest@11a9e7c8]" started-at="2019-10-07T17:38:18 EDT" name="postJira" finished-at="2019-10-07T17:38:18 EDT" duration-ms="2" status="PASS">
          <reporter-output>
          </reporter-output>
        </test-method> <!-- postJira -->
      </class> <!-- qaclickacademy.RESTAPITest -->
    </test> <!-- Default test -->
  </suite> <!-- Default suite -->
</testng-results>
